2023-04-14 16:37:16.414380+01:00 Script Start 
2023-04-14 16:37:56.864751+01:00 Password Inputted: 
test 
2023-04-14 16:37:56.900340+01:00 Win 
2023-04-14 16:37:56.952893+01:00 OSC Message Sent 
2023-04-14 16:59:13.236486+01:00 Password Inputted: 
test 
2023-04-14 16:59:13.270871+01:00 Win 
2023-04-14 16:59:13.319534+01:00 OSC Message Sent 
2023-04-14 17:00:06.670772+01:00 Password Inputted: 
test 
2023-04-14 17:00:06.705320+01:00 Win 
2023-04-14 17:00:06.754264+01:00 OSC Message Sent 
2023-04-14 17:01:15.088540+01:00 Password Inputted: 
test 
2023-04-14 17:01:15.156503+01:00 Win 
2023-04-14 17:01:15.208081+01:00 OSC Message Sent 
2023-04-14 17:04:40.530669+01:00 Password Inputted: 
test 
2023-04-14 17:04:40.580458+01:00 Win 
2023-04-14 17:04:40.637150+01:00 OSC Message Sent 
