2023-04-14 20:00:02.942820+01:00 Script Start 
2023-04-14 20:28:52.809323+01:00 Password Inputted: 
test 
2023-04-14 20:28:52.858910+01:00 Win 
2023-04-14 20:28:52.934459+01:00 OSC Message Sent 
2023-04-14 20:28:52.965080+01:00 OSC Message Sent 
2023-04-14 20:34:49.374840+01:00 Password Inputted: 
test 
2023-04-14 20:34:49.411289+01:00 Win 
2023-04-14 20:34:52.064633+01:00 Password Inputted: 
test 
2023-04-14 20:34:52.109515+01:00 Win 
2023-04-14 20:34:52.490689+01:00 Password Inputted: 
test 
2023-04-14 20:34:52.576695+01:00 Win 
2023-04-14 20:34:52.654534+01:00 Password Inputted: 
test# 
2023-04-14 20:34:52.686348+01:00 No Win 
2023-04-14 20:34:52.816277+01:00 Password Inputted: 
test# 
2023-04-14 20:34:52.847671+01:00 No Win 
2023-04-14 20:34:53.788635+01:00 Password Inputted: 
test 
2023-04-14 20:34:53.823429+01:00 Win 
2023-04-14 20:34:54.111449+01:00 Password Inputted: 
test 
2023-04-14 20:34:54.192945+01:00 Win 
2023-04-14 20:34:54.248296+01:00 Password Inputted: 
test 
2023-04-14 20:34:54.280041+01:00 Win 
2023-04-14 20:34:54.401754+01:00 Password Inputted: 
test 
2023-04-14 20:34:54.435922+01:00 Win 
2023-04-14 20:34:54.531926+01:00 Password Inputted: 
test 
2023-04-14 20:34:54.589746+01:00 Win 
2023-04-14 20:34:54.669761+01:00 Password Inputted: 
test 
2023-04-14 20:34:54.742588+01:00 Win 
2023-04-14 20:34:54.823857+01:00 Password Inputted: 
test 
2023-04-14 20:34:54.895357+01:00 Win 
