2023-04-14 19:03:40.920297+01:00 Script Start 
2023-04-14 19:05:04.929835+01:00 Password Inputted: 
test 
2023-04-14 19:05:04.973929+01:00 Win 
2023-04-14 19:05:05.029390+01:00 OSC Message Sent 
2023-04-14 19:08:21.995587+01:00 Password Inputted: 
test 
2023-04-14 19:08:22.058796+01:00 Win 
2023-04-14 19:08:27.677455+01:00 Password Inputted: 
test 
2023-04-14 19:08:27.713826+01:00 Win 
2023-04-14 19:08:39.072732+01:00 Password Inputted: 
test 
2023-04-14 19:08:39.122314+01:00 Win 
2023-04-14 19:08:39.252628+01:00 Password Inputted: 
test 
2023-04-14 19:08:39.285696+01:00 Win 
2023-04-14 19:08:39.414534+01:00 Password Inputted: 
test 
2023-04-14 19:08:39.447687+01:00 Win 
2023-04-14 19:08:39.528964+01:00 Password Inputted: 
test 
2023-04-14 19:08:39.608117+01:00 Win 
2023-04-14 19:10:21.686411+01:00 Password Inputted: 
test 
2023-04-14 19:10:21.745951+01:00 Win 
